<?xml version="1.0" encoding="UTF-8"?>
<testng-results skipped="0" failed="0" ignored="0" total="7" passed="7">
  <reporter-output>
  </reporter-output>
  <suite name="Default suite" duration-ms="104943" started-at="2020-01-30T09:24:41 GMT" finished-at="2020-01-30T09:26:26 GMT">
    <groups>
    </groups>
    <test name="Default test" duration-ms="104943" started-at="2020-01-30T09:24:41 GMT" finished-at="2020-01-30T09:26:26 GMT">
      <class name="com.amazon.testpage.LoginTest">
        <test-method status="PASS" signature="beforeClass()[pri:0, instance:com.amazon.testpage.LoginTest@1060b431]" name="beforeClass" is-config="true" duration-ms="8479" started-at="2020-01-30T09:24:41 GMT" finished-at="2020-01-30T09:24:50 GMT">
          <reporter-output>
          </reporter-output>
        </test-method> <!-- beforeClass -->
        <test-method status="PASS" signature="beforeMethod()[pri:0, instance:com.amazon.testpage.LoginTest@1060b431]" name="beforeMethod" is-config="true" duration-ms="3277" started-at="2020-01-30T09:24:55 GMT" finished-at="2020-01-30T09:24:58 GMT">
          <reporter-output>
          </reporter-output>
        </test-method> <!-- beforeMethod -->
        <test-method status="PASS" signature="ScenarioFive(java.lang.String, java.lang.String, java.lang.String, java.lang.String, java.lang.String, java.lang.String, java.lang.String)[pri:0, instance:com.amazon.testpage.LoginTest@1060b431]" name="ScenarioFive" duration-ms="10406" started-at="2020-01-30T09:24:58 GMT" data-provider="getdatalogin" finished-at="2020-01-30T09:25:09 GMT">
          <params>
            <param index="0">
              <value>
                <![CDATA[g.gaurav2812@gmail.com]]>
              </value>
            </param>
            <param index="1">
              <value>
                <![CDATA[TWF1bGlAMjgxMiQ=]]>
              </value>
            </param>
            <param index="2">
              <value>
                <![CDATA[Hello, Gaurav]]>
              </value>
            </param>
            <param index="3">
              <value>
                <![CDATA[invalidEmail]]>
              </value>
            </param>
            <param index="4">
              <value>
                <![CDATA[invPass123]]>
              </value>
            </param>
            <param index="5">
              <value>
                <![CDATA[8793100405]]>
              </value>
            </param>
            <param index="6">
              <value>
                <![CDATA[1234]]>
              </value>
            </param>
          </params>
          <reporter-output>
          </reporter-output>
        </test-method> <!-- ScenarioFive -->
        <test-method status="PASS" signature="afterMethod()[pri:0, instance:com.amazon.testpage.LoginTest@1060b431]" name="afterMethod" is-config="true" duration-ms="1" started-at="2020-01-30T09:25:09 GMT" finished-at="2020-01-30T09:25:09 GMT">
          <reporter-output>
          </reporter-output>
        </test-method> <!-- afterMethod -->
        <test-method status="PASS" signature="beforeMethod()[pri:0, instance:com.amazon.testpage.LoginTest@1060b431]" name="beforeMethod" is-config="true" duration-ms="554" started-at="2020-01-30T09:25:09 GMT" finished-at="2020-01-30T09:25:09 GMT">
          <reporter-output>
          </reporter-output>
        </test-method> <!-- beforeMethod -->
        <test-method status="PASS" signature="ScenarioFour()[pri:0, instance:com.amazon.testpage.LoginTest@1060b431]" name="ScenarioFour" duration-ms="842" started-at="2020-01-30T09:25:09 GMT" finished-at="2020-01-30T09:25:10 GMT">
          <reporter-output>
          </reporter-output>
        </test-method> <!-- ScenarioFour -->
        <test-method status="PASS" signature="afterMethod()[pri:0, instance:com.amazon.testpage.LoginTest@1060b431]" name="afterMethod" is-config="true" duration-ms="1" started-at="2020-01-30T09:25:10 GMT" finished-at="2020-01-30T09:25:10 GMT">
          <reporter-output>
          </reporter-output>
        </test-method> <!-- afterMethod -->
        <test-method status="PASS" signature="beforeMethod()[pri:0, instance:com.amazon.testpage.LoginTest@1060b431]" name="beforeMethod" is-config="true" duration-ms="835" started-at="2020-01-30T09:25:10 GMT" finished-at="2020-01-30T09:25:11 GMT">
          <reporter-output>
          </reporter-output>
        </test-method> <!-- beforeMethod -->
        <test-method status="PASS" signature="ScenarioOne(java.lang.String, java.lang.String, java.lang.String, java.lang.String, java.lang.String, java.lang.String, java.lang.String)[pri:0, instance:com.amazon.testpage.LoginTest@1060b431]" name="ScenarioOne" duration-ms="27169" started-at="2020-01-30T09:25:11 GMT" data-provider="getdatalogin" finished-at="2020-01-30T09:25:38 GMT">
          <params>
            <param index="0">
              <value>
                <![CDATA[g.gaurav2812@gmail.com]]>
              </value>
            </param>
            <param index="1">
              <value>
                <![CDATA[TWF1bGlAMjgxMiQ=]]>
              </value>
            </param>
            <param index="2">
              <value>
                <![CDATA[Hello, Gaurav]]>
              </value>
            </param>
            <param index="3">
              <value>
                <![CDATA[invalidEmail]]>
              </value>
            </param>
            <param index="4">
              <value>
                <![CDATA[invPass123]]>
              </value>
            </param>
            <param index="5">
              <value>
                <![CDATA[8793100405]]>
              </value>
            </param>
            <param index="6">
              <value>
                <![CDATA[1234]]>
              </value>
            </param>
          </params>
          <reporter-output>
          </reporter-output>
        </test-method> <!-- ScenarioOne -->
        <test-method status="PASS" signature="afterMethod()[pri:0, instance:com.amazon.testpage.LoginTest@1060b431]" name="afterMethod" is-config="true" duration-ms="0" started-at="2020-01-30T09:25:38 GMT" finished-at="2020-01-30T09:25:38 GMT">
          <reporter-output>
          </reporter-output>
        </test-method> <!-- afterMethod -->
        <test-method status="PASS" signature="beforeMethod()[pri:0, instance:com.amazon.testpage.LoginTest@1060b431]" name="beforeMethod" is-config="true" duration-ms="744" started-at="2020-01-30T09:25:39 GMT" finished-at="2020-01-30T09:25:39 GMT">
          <reporter-output>
          </reporter-output>
        </test-method> <!-- beforeMethod -->
        <test-method status="PASS" signature="ScenarioSeven(java.lang.String, java.lang.String, java.lang.String, java.lang.String, java.lang.String, java.lang.String, java.lang.String)[pri:0, instance:com.amazon.testpage.LoginTest@1060b431]" name="ScenarioSeven" duration-ms="2355" started-at="2020-01-30T09:25:39 GMT" data-provider="getdatalogin" finished-at="2020-01-30T09:25:42 GMT">
          <params>
            <param index="0">
              <value>
                <![CDATA[g.gaurav2812@gmail.com]]>
              </value>
            </param>
            <param index="1">
              <value>
                <![CDATA[TWF1bGlAMjgxMiQ=]]>
              </value>
            </param>
            <param index="2">
              <value>
                <![CDATA[Hello, Gaurav]]>
              </value>
            </param>
            <param index="3">
              <value>
                <![CDATA[invalidEmail]]>
              </value>
            </param>
            <param index="4">
              <value>
                <![CDATA[invPass123]]>
              </value>
            </param>
            <param index="5">
              <value>
                <![CDATA[8793100405]]>
              </value>
            </param>
            <param index="6">
              <value>
                <![CDATA[1234]]>
              </value>
            </param>
          </params>
          <reporter-output>
          </reporter-output>
        </test-method> <!-- ScenarioSeven -->
        <test-method status="PASS" signature="afterMethod()[pri:0, instance:com.amazon.testpage.LoginTest@1060b431]" name="afterMethod" is-config="true" duration-ms="1" started-at="2020-01-30T09:25:42 GMT" finished-at="2020-01-30T09:25:42 GMT">
          <reporter-output>
          </reporter-output>
        </test-method> <!-- afterMethod -->
        <test-method status="PASS" signature="beforeMethod()[pri:0, instance:com.amazon.testpage.LoginTest@1060b431]" name="beforeMethod" is-config="true" duration-ms="701" started-at="2020-01-30T09:25:42 GMT" finished-at="2020-01-30T09:25:42 GMT">
          <reporter-output>
          </reporter-output>
        </test-method> <!-- beforeMethod -->
        <test-method status="PASS" signature="ScenarioSix(java.lang.String, java.lang.String, java.lang.String, java.lang.String, java.lang.String, java.lang.String, java.lang.String)[pri:0, instance:com.amazon.testpage.LoginTest@1060b431]" name="ScenarioSix" duration-ms="22332" started-at="2020-01-30T09:25:42 GMT" data-provider="getdatalogin" finished-at="2020-01-30T09:26:05 GMT">
          <params>
            <param index="0">
              <value>
                <![CDATA[g.gaurav2812@gmail.com]]>
              </value>
            </param>
            <param index="1">
              <value>
                <![CDATA[TWF1bGlAMjgxMiQ=]]>
              </value>
            </param>
            <param index="2">
              <value>
                <![CDATA[Hello, Gaurav]]>
              </value>
            </param>
            <param index="3">
              <value>
                <![CDATA[invalidEmail]]>
              </value>
            </param>
            <param index="4">
              <value>
                <![CDATA[invPass123]]>
              </value>
            </param>
            <param index="5">
              <value>
                <![CDATA[8793100405]]>
              </value>
            </param>
            <param index="6">
              <value>
                <![CDATA[1234]]>
              </value>
            </param>
          </params>
          <reporter-output>
          </reporter-output>
        </test-method> <!-- ScenarioSix -->
        <test-method status="PASS" signature="afterMethod()[pri:0, instance:com.amazon.testpage.LoginTest@1060b431]" name="afterMethod" is-config="true" duration-ms="0" started-at="2020-01-30T09:26:05 GMT" finished-at="2020-01-30T09:26:05 GMT">
          <reporter-output>
          </reporter-output>
        </test-method> <!-- afterMethod -->
        <test-method status="PASS" signature="beforeMethod()[pri:0, instance:com.amazon.testpage.LoginTest@1060b431]" name="beforeMethod" is-config="true" duration-ms="1773" started-at="2020-01-30T09:26:05 GMT" finished-at="2020-01-30T09:26:07 GMT">
          <reporter-output>
          </reporter-output>
        </test-method> <!-- beforeMethod -->
        <test-method status="PASS" signature="ScenarioThree(java.lang.String, java.lang.String, java.lang.String, java.lang.String, java.lang.String, java.lang.String, java.lang.String)[pri:0, instance:com.amazon.testpage.LoginTest@1060b431]" name="ScenarioThree" duration-ms="13379" started-at="2020-01-30T09:26:07 GMT" data-provider="getdatalogin" finished-at="2020-01-30T09:26:20 GMT">
          <params>
            <param index="0">
              <value>
                <![CDATA[g.gaurav2812@gmail.com]]>
              </value>
            </param>
            <param index="1">
              <value>
                <![CDATA[TWF1bGlAMjgxMiQ=]]>
              </value>
            </param>
            <param index="2">
              <value>
                <![CDATA[Hello, Gaurav]]>
              </value>
            </param>
            <param index="3">
              <value>
                <![CDATA[invalidEmail]]>
              </value>
            </param>
            <param index="4">
              <value>
                <![CDATA[invPass123]]>
              </value>
            </param>
            <param index="5">
              <value>
                <![CDATA[8793100405]]>
              </value>
            </param>
            <param index="6">
              <value>
                <![CDATA[1234]]>
              </value>
            </param>
          </params>
          <reporter-output>
          </reporter-output>
        </test-method> <!-- ScenarioThree -->
        <test-method status="PASS" signature="afterMethod()[pri:0, instance:com.amazon.testpage.LoginTest@1060b431]" name="afterMethod" is-config="true" duration-ms="0" started-at="2020-01-30T09:26:20 GMT" finished-at="2020-01-30T09:26:20 GMT">
          <reporter-output>
          </reporter-output>
        </test-method> <!-- afterMethod -->
        <test-method status="PASS" signature="beforeMethod()[pri:0, instance:com.amazon.testpage.LoginTest@1060b431]" name="beforeMethod" is-config="true" duration-ms="719" started-at="2020-01-30T09:26:20 GMT" finished-at="2020-01-30T09:26:21 GMT">
          <reporter-output>
          </reporter-output>
        </test-method> <!-- beforeMethod -->
        <test-method status="PASS" signature="ScenarioTwo(java.lang.String, java.lang.String, java.lang.String, java.lang.String, java.lang.String, java.lang.String, java.lang.String)[pri:0, instance:com.amazon.testpage.LoginTest@1060b431]" name="ScenarioTwo" duration-ms="2422" started-at="2020-01-30T09:26:21 GMT" data-provider="getdatalogin" finished-at="2020-01-30T09:26:23 GMT">
          <params>
            <param index="0">
              <value>
                <![CDATA[g.gaurav2812@gmail.com]]>
              </value>
            </param>
            <param index="1">
              <value>
                <![CDATA[TWF1bGlAMjgxMiQ=]]>
              </value>
            </param>
            <param index="2">
              <value>
                <![CDATA[Hello, Gaurav]]>
              </value>
            </param>
            <param index="3">
              <value>
                <![CDATA[invalidEmail]]>
              </value>
            </param>
            <param index="4">
              <value>
                <![CDATA[invPass123]]>
              </value>
            </param>
            <param index="5">
              <value>
                <![CDATA[8793100405]]>
              </value>
            </param>
            <param index="6">
              <value>
                <![CDATA[1234]]>
              </value>
            </param>
          </params>
          <reporter-output>
          </reporter-output>
        </test-method> <!-- ScenarioTwo -->
        <test-method status="PASS" signature="afterMethod()[pri:0, instance:com.amazon.testpage.LoginTest@1060b431]" name="afterMethod" is-config="true" duration-ms="4" started-at="2020-01-30T09:26:23 GMT" finished-at="2020-01-30T09:26:23 GMT">
          <reporter-output>
          </reporter-output>
        </test-method> <!-- afterMethod -->
        <test-method status="PASS" signature="afterClass()[pri:0, instance:com.amazon.testpage.LoginTest@1060b431]" name="afterClass" is-config="true" duration-ms="2845" started-at="2020-01-30T09:26:23 GMT" finished-at="2020-01-30T09:26:26 GMT">
          <reporter-output>
          </reporter-output>
        </test-method> <!-- afterClass -->
      </class> <!-- com.amazon.testpage.LoginTest -->
    </test> <!-- Default test -->
  </suite> <!-- Default suite -->
</testng-results>
