<?xml version="1.0" encoding="UTF-8"?>
<!-- Generated by org.testng.reporters.JUnitXMLReporter -->
<testsuite hostname="PDCDT01GY4ZVQ1" ignored="0" name="Default test" tests="7" failures="0" timestamp="2020-01-30T09:26:26 GMT" time="104.943" errors="0">
  <testcase name="ScenarioFive" time="10.406" classname="com.amazon.testpage.LoginTest"/>
  <testcase name="ScenarioFour" time="0.842" classname="com.amazon.testpage.LoginTest"/>
  <testcase name="ScenarioOne" time="27.169" classname="com.amazon.testpage.LoginTest"/>
  <testcase name="ScenarioSeven" time="2.355" classname="com.amazon.testpage.LoginTest"/>
  <testcase name="ScenarioSix" time="22.332" classname="com.amazon.testpage.LoginTest"/>
  <testcase name="ScenarioThree" time="13.379" classname="com.amazon.testpage.LoginTest"/>
  <testcase name="ScenarioTwo" time="2.422" classname="com.amazon.testpage.LoginTest"/>
</testsuite> <!-- Default test -->
